<?xml version="1.0" encoding="UTF-8"?>
<testng-results ignored="0" total="9" passed="8" failed="1" skipped="0">
  <reporter-output>
    <line>
      <![CDATA[====Open Browser====]]>
    </line>
    <line>
      <![CDATA[Settings page is verified successfully]]>
    </line>
    <line>
      <![CDATA[====Logout of Application====]]>
    </line>
    <line>
      <![CDATA[====Close Browser====]]>
    </line>
    <line>
      <![CDATA[====Open Browser====]]>
    </line>
    <line>
      <![CDATA[New Deal is verified successfully]]>
    </line>
    <line>
      <![CDATA[====Logout of Application====]]>
    </line>
    <line>
      <![CDATA[====Close Browser====]]>
    </line>
    <line>
      <![CDATA[====Open Browser====]]>
    </line>
    <line>
      <![CDATA[Lead is verified successfully]]>
    </line>
    <line>
      <![CDATA[====Logout of Application====]]>
    </line>
    <line>
      <![CDATA[====Close Browser====]]>
    </line>
    <line>
      <![CDATA[====Open Browser====]]>
    </line>
    <line>
      <![CDATA[Deal is verified successfully]]>
    </line>
    <line>
      <![CDATA[====Logout of Application====]]>
    </line>
    <line>
      <![CDATA[====Close Browser====]]>
    </line>
    <line>
      <![CDATA[====Open Browser====]]>
    </line>
    <line>
      <![CDATA[modification is verified successfully]]>
    </line>
    <line>
      <![CDATA[====Logout of Application====]]>
    </line>
    <line>
      <![CDATA[====Close Browser====]]>
    </line>
    <line>
      <![CDATA[====Open Browser====]]>
    </line>
    <line>
      <![CDATA[====Logout of Application====]]>
    </line>
    <line>
      <![CDATA[====Close Browser====]]>
    </line>
    <line>
      <![CDATA[====Open Browser====]]>
    </line>
    <line>
      <![CDATA[Activity is verified in Activity feed successfully]]>
    </line>
    <line>
      <![CDATA[====Logout of Application====]]>
    </line>
    <line>
      <![CDATA[====Close Browser====]]>
    </line>
    <line>
      <![CDATA[====Open Browser====]]>
    </line>
    <line>
      <![CDATA[person linked to company is verified successfully]]>
    </line>
    <line>
      <![CDATA[====Logout of Application====]]>
    </line>
    <line>
      <![CDATA[====Close Browser====]]>
    </line>
    <line>
      <![CDATA[====Open Browser====]]>
    </line>
    <line>
      <![CDATA[Verified Insights module]]>
    </line>
    <line>
      <![CDATA[====Logout of Application====]]>
    </line>
    <line>
      <![CDATA[====Close Browser====]]>
    </line>
  </reporter-output>
  <suite started-at="2025-10-24T17:21:13 IST" name="Suite" finished-at="2025-10-24T17:29:11 IST" duration-ms="477548">
    <groups>
      <group name="SmokeTest">
        <method signature="CreateNewLeadTest.createNewLeadTest()[pri:0, instance:com.teamgate.crm.leadTest.CreateNewLeadTest@77c2494c]" name="createNewLeadTest" class="com.teamgate.crm.leadTest.CreateNewLeadTest"/>
        <method signature="VerifyInsightsTest.verifyInsightsTest()[pri:0, instance:com.teamgate.crm.lnsightsTest.VerifyInsightsTest@185a6e9]" name="verifyInsightsTest" class="com.teamgate.crm.lnsightsTest.VerifyInsightsTest"/>
        <method signature="AccessSettingsTest.accessSettingsTest()[pri:0, instance:com.teamgate.crm.settingsTest.AccessSettingsTest@139982de]" name="accessSettingsTest" class="com.teamgate.crm.settingsTest.AccessSettingsTest"/>
      </group> <!-- SmokeTest -->
      <group name="SystemTest">
        <method signature="CreateDealViaCompanyTest.createDealViaCompanyTest()[pri:0, instance:com.teamgate.crm.companyTest.CreateDealViaCompanyTest@f5958c9]" name="createDealViaCompanyTest" class="com.teamgate.crm.companyTest.CreateDealViaCompanyTest"/>
        <method signature="EditPersonDetailsTest.editPersonDetailsTest()[pri:0, instance:com.teamgate.crm.peoplesTest.EditPersonDetailsTest@233795b6]" name="editPersonDetailsTest" class="com.teamgate.crm.peoplesTest.EditPersonDetailsTest"/>
        <method signature="LinkPersonToCompanyTest.linkPersonToCompanyTest()[pri:0, instance:com.teamgate.crm.peoplesTest.LinkPersonToCompanyTest@1e800aaa]" name="linkPersonToCompanyTest" class="com.teamgate.crm.peoplesTest.LinkPersonToCompanyTest"/>
      </group> <!-- SystemTest -->
      <group name="IntegrationTest">
        <method signature="AddActivityToLeadTest.addActivityToLead()[pri:0, instance:com.teamgate.crm.leadTest.AddActivityToLeadTest@5bda8e08]" name="addActivityToLead" class="com.teamgate.crm.leadTest.AddActivityToLeadTest"/>
        <method signature="ConvertLeadToDealTest.convertLeadToDealTest()[pri:0, instance:com.teamgate.crm.leadTest.ConvertLeadToDealTest@477b4cdf]" name="convertLeadToDealTest" class="com.teamgate.crm.leadTest.ConvertLeadToDealTest"/>
        <method signature="AddMeetingViaOrganizerTest.addMeetingViaOrganizerTest()[pri:0, instance:com.teamgate.crm.organizerTest.AddMeetingViaOrganizerTest@3eb738bb]" name="addMeetingViaOrganizerTest" class="com.teamgate.crm.organizerTest.AddMeetingViaOrganizerTest"/>
      </group> <!-- IntegrationTest -->
    </groups>
    <test started-at="2025-10-24T17:21:13 IST" name="Test" finished-at="2025-10-24T17:29:11 IST" duration-ms="477548">
      <class name="com.teamgate.crm.peoplesTest.EditPersonDetailsTest">
        <test-method is-config="true" signature="openBrowser(java.lang.String)[pri:0, instance:com.teamgate.crm.peoplesTest.EditPersonDetailsTest@233795b6]" started-at="2025-10-24T17:25:03 IST" name="openBrowser" finished-at="2025-10-24T17:25:05 IST" duration-ms="2739" status="PASS">
          <params>
            <param index="0">
              <value>
                <![CDATA[chrome]]>
              </value>
            </param>
          </params>
          <reporter-output>
            <line>
              <![CDATA[====Open Browser====]]>
            </line>
          </reporter-output>
        </test-method> <!-- openBrowser -->
        <test-method is-config="true" signature="loginToApplication()[pri:0, instance:com.teamgate.crm.peoplesTest.EditPersonDetailsTest@233795b6]" started-at="2025-10-24T17:25:05 IST" name="loginToApplication" finished-at="2025-10-24T17:25:44 IST" duration-ms="38815" status="PASS">
          <reporter-output>
          </reporter-output>
        </test-method> <!-- loginToApplication -->
        <test-method signature="editPersonDetailsTest()[pri:0, instance:com.teamgate.crm.peoplesTest.EditPersonDetailsTest@233795b6]" started-at="2025-10-24T17:25:44 IST" name="editPersonDetailsTest" finished-at="2025-10-24T17:26:14 IST" duration-ms="29898" status="PASS">
          <reporter-output>
            <line>
              <![CDATA[modification is verified successfully]]>
            </line>
          </reporter-output>
        </test-method> <!-- editPersonDetailsTest -->
        <test-method is-config="true" signature="logout()[pri:0, instance:com.teamgate.crm.peoplesTest.EditPersonDetailsTest@233795b6]" started-at="2025-10-24T17:26:14 IST" name="logout" finished-at="2025-10-24T17:26:17 IST" duration-ms="3134" status="PASS">
          <reporter-output>
            <line>
              <![CDATA[====Logout of Application====]]>
            </line>
          </reporter-output>
        </test-method> <!-- logout -->
        <test-method is-config="true" signature="closeBrowser()[pri:0, instance:com.teamgate.crm.peoplesTest.EditPersonDetailsTest@233795b6]" started-at="2025-10-24T17:26:17 IST" name="closeBrowser" finished-at="2025-10-24T17:26:18 IST" duration-ms="639" status="PASS">
          <reporter-output>
            <line>
              <![CDATA[====Close Browser====]]>
            </line>
          </reporter-output>
        </test-method> <!-- closeBrowser -->
      </class> <!-- com.teamgate.crm.peoplesTest.EditPersonDetailsTest -->
      <class name="com.teamgate.crm.leadTest.ConvertLeadToDealTest">
        <test-method is-config="true" signature="openBrowser(java.lang.String)[pri:0, instance:com.teamgate.crm.leadTest.ConvertLeadToDealTest@477b4cdf]" started-at="2025-10-24T17:22:34 IST" name="openBrowser" finished-at="2025-10-24T17:22:37 IST" duration-ms="3146" status="PASS">
          <params>
            <param index="0">
              <value>
                <![CDATA[chrome]]>
              </value>
            </param>
          </params>
          <reporter-output>
            <line>
              <![CDATA[====Open Browser====]]>
            </line>
          </reporter-output>
        </test-method> <!-- openBrowser -->
        <test-method is-config="true" signature="loginToApplication()[pri:0, instance:com.teamgate.crm.leadTest.ConvertLeadToDealTest@477b4cdf]" started-at="2025-10-24T17:22:37 IST" name="loginToApplication" finished-at="2025-10-24T17:22:57 IST" duration-ms="20625" status="PASS">
          <reporter-output>
          </reporter-output>
        </test-method> <!-- loginToApplication -->
        <test-method signature="convertLeadToDealTest()[pri:0, instance:com.teamgate.crm.leadTest.ConvertLeadToDealTest@477b4cdf]" started-at="2025-10-24T17:22:57 IST" name="convertLeadToDealTest" finished-at="2025-10-24T17:23:17 IST" duration-ms="19043" status="PASS">
          <reporter-output>
            <line>
              <![CDATA[New Deal is verified successfully]]>
            </line>
          </reporter-output>
        </test-method> <!-- convertLeadToDealTest -->
        <test-method is-config="true" signature="logout()[pri:0, instance:com.teamgate.crm.leadTest.ConvertLeadToDealTest@477b4cdf]" started-at="2025-10-24T17:23:17 IST" name="logout" finished-at="2025-10-24T17:23:20 IST" duration-ms="3536" status="PASS">
          <reporter-output>
            <line>
              <![CDATA[====Logout of Application====]]>
            </line>
          </reporter-output>
        </test-method> <!-- logout -->
        <test-method is-config="true" signature="closeBrowser()[pri:0, instance:com.teamgate.crm.leadTest.ConvertLeadToDealTest@477b4cdf]" started-at="2025-10-24T17:23:20 IST" name="closeBrowser" finished-at="2025-10-24T17:23:21 IST" duration-ms="519" status="PASS">
          <reporter-output>
            <line>
              <![CDATA[====Close Browser====]]>
            </line>
          </reporter-output>
        </test-method> <!-- closeBrowser -->
      </class> <!-- com.teamgate.crm.leadTest.ConvertLeadToDealTest -->
      <class name="com.teamgate.crm.companyTest.CreateDealViaCompanyTest">
        <test-method is-config="true" signature="openBrowser(java.lang.String)[pri:0, instance:com.teamgate.crm.companyTest.CreateDealViaCompanyTest@f5958c9]" started-at="2025-10-24T17:23:58 IST" name="openBrowser" finished-at="2025-10-24T17:24:01 IST" duration-ms="2904" status="PASS">
          <params>
            <param index="0">
              <value>
                <![CDATA[chrome]]>
              </value>
            </param>
          </params>
          <reporter-output>
            <line>
              <![CDATA[====Open Browser====]]>
            </line>
          </reporter-output>
        </test-method> <!-- openBrowser -->
        <test-method is-config="true" signature="loginToApplication()[pri:0, instance:com.teamgate.crm.companyTest.CreateDealViaCompanyTest@f5958c9]" started-at="2025-10-24T17:24:01 IST" name="loginToApplication" finished-at="2025-10-24T17:24:21 IST" duration-ms="20440" status="PASS">
          <reporter-output>
          </reporter-output>
        </test-method> <!-- loginToApplication -->
        <test-method signature="createDealViaCompanyTest()[pri:0, instance:com.teamgate.crm.companyTest.CreateDealViaCompanyTest@f5958c9]" started-at="2025-10-24T17:24:21 IST" name="createDealViaCompanyTest" finished-at="2025-10-24T17:24:58 IST" duration-ms="37271" status="PASS">
          <reporter-output>
            <line>
              <![CDATA[Deal is verified successfully]]>
            </line>
          </reporter-output>
        </test-method> <!-- createDealViaCompanyTest -->
        <test-method is-config="true" signature="logout()[pri:0, instance:com.teamgate.crm.companyTest.CreateDealViaCompanyTest@f5958c9]" started-at="2025-10-24T17:24:58 IST" name="logout" finished-at="2025-10-24T17:25:02 IST" duration-ms="3575" status="PASS">
          <reporter-output>
            <line>
              <![CDATA[====Logout of Application====]]>
            </line>
          </reporter-output>
        </test-method> <!-- logout -->
        <test-method is-config="true" signature="closeBrowser()[pri:0, instance:com.teamgate.crm.companyTest.CreateDealViaCompanyTest@f5958c9]" started-at="2025-10-24T17:25:02 IST" name="closeBrowser" finished-at="2025-10-24T17:25:03 IST" duration-ms="580" status="PASS">
          <reporter-output>
            <line>
              <![CDATA[====Close Browser====]]>
            </line>
          </reporter-output>
        </test-method> <!-- closeBrowser -->
      </class> <!-- com.teamgate.crm.companyTest.CreateDealViaCompanyTest -->
      <class name="com.teamgate.crm.peoplesTest.LinkPersonToCompanyTest">
        <test-method is-config="true" signature="openBrowser(java.lang.String)[pri:0, instance:com.teamgate.crm.peoplesTest.LinkPersonToCompanyTest@1e800aaa]" started-at="2025-10-24T17:27:48 IST" name="openBrowser" finished-at="2025-10-24T17:27:51 IST" duration-ms="3113" status="PASS">
          <params>
            <param index="0">
              <value>
                <![CDATA[chrome]]>
              </value>
            </param>
          </params>
          <reporter-output>
            <line>
              <![CDATA[====Open Browser====]]>
            </line>
          </reporter-output>
        </test-method> <!-- openBrowser -->
        <test-method is-config="true" signature="loginToApplication()[pri:0, instance:com.teamgate.crm.peoplesTest.LinkPersonToCompanyTest@1e800aaa]" started-at="2025-10-24T17:27:51 IST" name="loginToApplication" finished-at="2025-10-24T17:28:07 IST" duration-ms="16457" status="PASS">
          <reporter-output>
          </reporter-output>
        </test-method> <!-- loginToApplication -->
        <test-method signature="linkPersonToCompanyTest()[pri:0, instance:com.teamgate.crm.peoplesTest.LinkPersonToCompanyTest@1e800aaa]" started-at="2025-10-24T17:28:07 IST" name="linkPersonToCompanyTest" finished-at="2025-10-24T17:28:40 IST" duration-ms="32916" status="PASS">
          <reporter-output>
            <line>
              <![CDATA[person linked to company is verified successfully]]>
            </line>
          </reporter-output>
        </test-method> <!-- linkPersonToCompanyTest -->
        <test-method is-config="true" signature="logout()[pri:0, instance:com.teamgate.crm.peoplesTest.LinkPersonToCompanyTest@1e800aaa]" started-at="2025-10-24T17:28:40 IST" name="logout" finished-at="2025-10-24T17:28:43 IST" duration-ms="2688" status="PASS">
          <reporter-output>
            <line>
              <![CDATA[====Logout of Application====]]>
            </line>
          </reporter-output>
        </test-method> <!-- logout -->
        <test-method is-config="true" signature="closeBrowser()[pri:0, instance:com.teamgate.crm.peoplesTest.LinkPersonToCompanyTest@1e800aaa]" started-at="2025-10-24T17:28:43 IST" name="closeBrowser" finished-at="2025-10-24T17:28:43 IST" duration-ms="558" status="PASS">
          <reporter-output>
            <line>
              <![CDATA[====Close Browser====]]>
            </line>
          </reporter-output>
        </test-method> <!-- closeBrowser -->
      </class> <!-- com.teamgate.crm.peoplesTest.LinkPersonToCompanyTest -->
      <class name="com.teamgate.crm.settingsTest.AccessSettingsTest">
        <test-method is-config="true" signature="openBrowser(java.lang.String)[pri:0, instance:com.teamgate.crm.settingsTest.AccessSettingsTest@139982de]" started-at="2025-10-24T17:21:13 IST" name="openBrowser" finished-at="2025-10-24T17:21:17 IST" duration-ms="4206" status="PASS">
          <params>
            <param index="0">
              <value>
                <![CDATA[chrome]]>
              </value>
            </param>
          </params>
          <reporter-output>
            <line>
              <![CDATA[====Open Browser====]]>
            </line>
          </reporter-output>
        </test-method> <!-- openBrowser -->
        <test-method is-config="true" signature="loginToApplication()[pri:0, instance:com.teamgate.crm.settingsTest.AccessSettingsTest@139982de]" started-at="2025-10-24T17:21:18 IST" name="loginToApplication" finished-at="2025-10-24T17:22:26 IST" duration-ms="68934" status="PASS">
          <reporter-output>
          </reporter-output>
        </test-method> <!-- loginToApplication -->
        <test-method signature="accessSettingsTest()[pri:0, instance:com.teamgate.crm.settingsTest.AccessSettingsTest@139982de]" started-at="2025-10-24T17:22:26 IST" name="accessSettingsTest" finished-at="2025-10-24T17:22:30 IST" duration-ms="3647" status="PASS">
          <reporter-output>
            <line>
              <![CDATA[Settings page is verified successfully]]>
            </line>
          </reporter-output>
        </test-method> <!-- accessSettingsTest -->
        <test-method is-config="true" signature="logout()[pri:0, instance:com.teamgate.crm.settingsTest.AccessSettingsTest@139982de]" started-at="2025-10-24T17:22:30 IST" name="logout" finished-at="2025-10-24T17:22:33 IST" duration-ms="2969" status="PASS">
          <reporter-output>
            <line>
              <![CDATA[====Logout of Application====]]>
            </line>
          </reporter-output>
        </test-method> <!-- logout -->
        <test-method is-config="true" signature="closeBrowser()[pri:0, instance:com.teamgate.crm.settingsTest.AccessSettingsTest@139982de]" started-at="2025-10-24T17:22:33 IST" name="closeBrowser" finished-at="2025-10-24T17:22:34 IST" duration-ms="609" status="PASS">
          <reporter-output>
            <line>
              <![CDATA[====Close Browser====]]>
            </line>
          </reporter-output>
        </test-method> <!-- closeBrowser -->
      </class> <!-- com.teamgate.crm.settingsTest.AccessSettingsTest -->
      <class name="com.teamgate.crm.organizerTest.AddMeetingViaOrganizerTest">
        <test-method is-config="true" signature="openBrowser(java.lang.String)[pri:0, instance:com.teamgate.crm.organizerTest.AddMeetingViaOrganizerTest@3eb738bb]" started-at="2025-10-24T17:26:18 IST" name="openBrowser" finished-at="2025-10-24T17:26:20 IST" duration-ms="2600" status="PASS">
          <params>
            <param index="0">
              <value>
                <![CDATA[chrome]]>
              </value>
            </param>
          </params>
          <reporter-output>
            <line>
              <![CDATA[====Open Browser====]]>
            </line>
          </reporter-output>
        </test-method> <!-- openBrowser -->
        <test-method is-config="true" signature="loginToApplication()[pri:0, instance:com.teamgate.crm.organizerTest.AddMeetingViaOrganizerTest@3eb738bb]" started-at="2025-10-24T17:26:20 IST" name="loginToApplication" finished-at="2025-10-24T17:26:37 IST" duration-ms="17151" status="PASS">
          <reporter-output>
          </reporter-output>
        </test-method> <!-- loginToApplication -->
        <test-method signature="addMeetingViaOrganizerTest()[pri:0, instance:com.teamgate.crm.organizerTest.AddMeetingViaOrganizerTest@3eb738bb]" started-at="2025-10-24T17:26:37 IST" name="addMeetingViaOrganizerTest" finished-at="2025-10-24T17:26:55 IST" duration-ms="17221" status="FAIL">
          <exception class="org.openqa.selenium.ElementClickInterceptedException">
            <message>
              <![CDATA[element click intercepted: Element <a data-v-7e129e9c="" href="/google/companies" class="nav-link d-md-block d-inline-flex">...</a> is not clickable at point (267, 27). Other element would receive the click: <div class="modal-backdrop fade"></div>
  (Session info: chrome=141.0.7390.109)
Build info: version: '4.12.1', revision: '8e34639b11'
System info: os.name: 'Windows 11', os.arch: 'amd64', os.version: '10.0', java.version: '21.0.8'
Driver info: org.openqa.selenium.chrome.ChromeDriver
Command: [b628a0546d28a82eea2fa5ae9a4fadfe, clickElement {id=f.9A3B1E8B436E662375B01A067D2E1AB0.d.FC7E85431C67E3B12223F4DDC81957E3.e.456}]
Capabilities {acceptInsecureCerts: false, browserName: chrome, browserVersion: 141.0.7390.109, chrome: {chromedriverVersion: 141.0.7390.122 (b477534e7e1..., userDataDir: C:\Users\User\AppData\Local...}, fedcm:accounts: true, goog:chromeOptions: {debuggerAddress: localhost:64415}, networkConnectionEnabled: false, pageLoadStrategy: normal, platformName: windows, proxy: Proxy(), se:cdp: ws://localhost:64415/devtoo..., se:cdpVersion: 141.0.7390.109, setWindowRect: true, strictFileInteractability: false, timeouts: {implicit: 0, pageLoad: 300000, script: 30000}, unhandledPromptBehavior: dismiss and notify, webauthn:extension:credBlob: true, webauthn:extension:largeBlob: true, webauthn:extension:minPinLength: true, webauthn:extension:prf: true, webauthn:virtualAuthenticators: true}
Element: [[ChromeDriver: chrome on windows (b628a0546d28a82eea2fa5ae9a4fadfe)] -> xpath: //a[@href='/google/companies']]
Session ID: b628a0546d28a82eea2fa5ae9a4fadfe]]>
            </message>
            <full-stacktrace>
              <![CDATA[org.openqa.selenium.ElementClickInterceptedException: element click intercepted: Element <a data-v-7e129e9c="" href="/google/companies" class="nav-link d-md-block d-inline-flex">...</a> is not clickable at point (267, 27). Other element would receive the click: <div class="modal-backdrop fade"></div>
  (Session info: chrome=141.0.7390.109)
Build info: version: '4.12.1', revision: '8e34639b11'
System info: os.name: 'Windows 11', os.arch: 'amd64', os.version: '10.0', java.version: '21.0.8'
Driver info: org.openqa.selenium.chrome.ChromeDriver
Command: [b628a0546d28a82eea2fa5ae9a4fadfe, clickElement {id=f.9A3B1E8B436E662375B01A067D2E1AB0.d.FC7E85431C67E3B12223F4DDC81957E3.e.456}]
Capabilities {acceptInsecureCerts: false, browserName: chrome, browserVersion: 141.0.7390.109, chrome: {chromedriverVersion: 141.0.7390.122 (b477534e7e1..., userDataDir: C:\Users\User\AppData\Local...}, fedcm:accounts: true, goog:chromeOptions: {debuggerAddress: localhost:64415}, networkConnectionEnabled: false, pageLoadStrategy: normal, platformName: windows, proxy: Proxy(), se:cdp: ws://localhost:64415/devtoo..., se:cdpVersion: 141.0.7390.109, setWindowRect: true, strictFileInteractability: false, timeouts: {implicit: 0, pageLoad: 300000, script: 30000}, unhandledPromptBehavior: dismiss and notify, webauthn:extension:credBlob: true, webauthn:extension:largeBlob: true, webauthn:extension:minPinLength: true, webauthn:extension:prf: true, webauthn:virtualAuthenticators: true}
Element: [[ChromeDriver: chrome on windows (b628a0546d28a82eea2fa5ae9a4fadfe)] -> xpath: //a[@href='/google/companies']]
Session ID: b628a0546d28a82eea2fa5ae9a4fadfe
at java.base/jdk.internal.reflect.DirectConstructorHandleAccessor.newInstance(DirectConstructorHandleAccessor.java:62)
at java.base/java.lang.reflect.Constructor.newInstanceWithCaller(Constructor.java:502)
at java.base/java.lang.reflect.Constructor.newInstance(Constructor.java:486)
at org.openqa.selenium.remote.codec.w3c.W3CHttpResponseCodec.createException(W3CHttpResponseCodec.java:200)
at org.openqa.selenium.remote.codec.w3c.W3CHttpResponseCodec.decode(W3CHttpResponseCodec.java:133)
at org.openqa.selenium.remote.codec.w3c.W3CHttpResponseCodec.decode(W3CHttpResponseCodec.java:52)
at org.openqa.selenium.remote.HttpCommandExecutor.execute(HttpCommandExecutor.java:191)
at org.openqa.selenium.remote.service.DriverCommandExecutor.invokeExecute(DriverCommandExecutor.java:196)
at org.openqa.selenium.remote.service.DriverCommandExecutor.execute(DriverCommandExecutor.java:171)
at org.openqa.selenium.remote.RemoteWebDriver.execute(RemoteWebDriver.java:602)
at org.openqa.selenium.remote.RemoteWebElement.execute(RemoteWebElement.java:224)
at org.openqa.selenium.remote.RemoteWebElement.click(RemoteWebElement.java:77)
at java.base/jdk.internal.reflect.DirectMethodHandleAccessor.invoke(DirectMethodHandleAccessor.java:103)
at java.base/java.lang.reflect.Method.invoke(Method.java:580)
at org.openqa.selenium.support.pagefactory.internal.LocatingElementHandler.invoke(LocatingElementHandler.java:51)
at jdk.proxy2/jdk.proxy2.$Proxy22.click(Unknown Source)
at com.teamgate.crm.organizerTest.AddMeetingViaOrganizerTest.addMeetingViaOrganizerTest(AddMeetingViaOrganizerTest.java:74)
at java.base/jdk.internal.reflect.DirectMethodHandleAccessor.invoke(DirectMethodHandleAccessor.java:103)
at java.base/java.lang.reflect.Method.invoke(Method.java:580)
at org.testng.internal.invokers.MethodInvocationHelper.invokeMethod(MethodInvocationHelper.java:139)
at org.testng.internal.invokers.TestInvoker.invokeMethod(TestInvoker.java:664)
at org.testng.internal.invokers.TestInvoker.invokeTestMethod(TestInvoker.java:227)
at org.testng.internal.invokers.MethodRunner.runInSequence(MethodRunner.java:50)
at org.testng.internal.invokers.TestInvoker$MethodInvocationAgent.invoke(TestInvoker.java:957)
at org.testng.internal.invokers.TestInvoker.invokeTestMethods(TestInvoker.java:200)
at org.testng.internal.invokers.TestMethodWorker.invokeTestMethods(TestMethodWorker.java:148)
at org.testng.internal.invokers.TestMethodWorker.run(TestMethodWorker.java:128)
at java.base/java.util.ArrayList.forEach(ArrayList.java:1596)
at org.testng.TestRunner.privateRun(TestRunner.java:848)
at org.testng.TestRunner.run(TestRunner.java:621)
at org.testng.SuiteRunner.runTest(SuiteRunner.java:443)
at org.testng.SuiteRunner.runSequentially(SuiteRunner.java:437)
at org.testng.SuiteRunner.privateRun(SuiteRunner.java:397)
at org.testng.SuiteRunner.run(SuiteRunner.java:336)
at org.testng.SuiteRunnerWorker.runSuite(SuiteRunnerWorker.java:52)
at org.testng.SuiteRunnerWorker.run(SuiteRunnerWorker.java:95)
at org.testng.TestNG.runSuitesSequentially(TestNG.java:1280)
at org.testng.TestNG.runSuitesLocally(TestNG.java:1200)
at org.testng.TestNG.runSuites(TestNG.java:1114)
at org.testng.TestNG.run(TestNG.java:1082)
at org.testng.remote.AbstractRemoteTestNG.run(AbstractRemoteTestNG.java:115)
at org.testng.remote.RemoteTestNG.initAndRun(RemoteTestNG.java:293)
at org.testng.remote.RemoteTestNG.main(RemoteTestNG.java:91)
]]>
            </full-stacktrace>
          </exception> <!-- org.openqa.selenium.ElementClickInterceptedException -->
          <reporter-output>
          </reporter-output>
        </test-method> <!-- addMeetingViaOrganizerTest -->
        <test-method is-config="true" signature="logout()[pri:0, instance:com.teamgate.crm.organizerTest.AddMeetingViaOrganizerTest@3eb738bb]" started-at="2025-10-24T17:26:55 IST" name="logout" finished-at="2025-10-24T17:26:58 IST" duration-ms="2673" status="PASS">
          <reporter-output>
            <line>
              <![CDATA[====Logout of Application====]]>
            </line>
          </reporter-output>
        </test-method> <!-- logout -->
        <test-method is-config="true" signature="closeBrowser()[pri:0, instance:com.teamgate.crm.organizerTest.AddMeetingViaOrganizerTest@3eb738bb]" started-at="2025-10-24T17:26:58 IST" name="closeBrowser" finished-at="2025-10-24T17:26:58 IST" duration-ms="397" status="PASS">
          <reporter-output>
            <line>
              <![CDATA[====Close Browser====]]>
            </line>
          </reporter-output>
        </test-method> <!-- closeBrowser -->
      </class> <!-- com.teamgate.crm.organizerTest.AddMeetingViaOrganizerTest -->
      <class name="com.teamgate.crm.leadTest.CreateNewLeadTest">
        <test-method is-config="true" signature="openBrowser(java.lang.String)[pri:0, instance:com.teamgate.crm.leadTest.CreateNewLeadTest@77c2494c]" started-at="2025-10-24T17:23:21 IST" name="openBrowser" finished-at="2025-10-24T17:23:23 IST" duration-ms="2743" status="PASS">
          <params>
            <param index="0">
              <value>
                <![CDATA[chrome]]>
              </value>
            </param>
          </params>
          <reporter-output>
            <line>
              <![CDATA[====Open Browser====]]>
            </line>
          </reporter-output>
        </test-method> <!-- openBrowser -->
        <test-method is-config="true" signature="loginToApplication()[pri:0, instance:com.teamgate.crm.leadTest.CreateNewLeadTest@77c2494c]" started-at="2025-10-24T17:23:23 IST" name="loginToApplication" finished-at="2025-10-24T17:23:43 IST" duration-ms="19553" status="PASS">
          <reporter-output>
          </reporter-output>
        </test-method> <!-- loginToApplication -->
        <test-method signature="createNewLeadTest()[pri:0, instance:com.teamgate.crm.leadTest.CreateNewLeadTest@77c2494c]" started-at="2025-10-24T17:23:43 IST" name="createNewLeadTest" finished-at="2025-10-24T17:23:54 IST" duration-ms="10904" status="PASS">
          <reporter-output>
            <line>
              <![CDATA[Lead is verified successfully]]>
            </line>
          </reporter-output>
        </test-method> <!-- createNewLeadTest -->
        <test-method is-config="true" signature="logout()[pri:0, instance:com.teamgate.crm.leadTest.CreateNewLeadTest@77c2494c]" started-at="2025-10-24T17:23:54 IST" name="logout" finished-at="2025-10-24T17:23:57 IST" duration-ms="3553" status="PASS">
          <reporter-output>
            <line>
              <![CDATA[====Logout of Application====]]>
            </line>
          </reporter-output>
        </test-method> <!-- logout -->
        <test-method is-config="true" signature="closeBrowser()[pri:0, instance:com.teamgate.crm.leadTest.CreateNewLeadTest@77c2494c]" started-at="2025-10-24T17:23:57 IST" name="closeBrowser" finished-at="2025-10-24T17:23:58 IST" duration-ms="402" status="PASS">
          <reporter-output>
            <line>
              <![CDATA[====Close Browser====]]>
            </line>
          </reporter-output>
        </test-method> <!-- closeBrowser -->
      </class> <!-- com.teamgate.crm.leadTest.CreateNewLeadTest -->
      <class name="com.teamgate.crm.lnsightsTest.VerifyInsightsTest">
        <test-method is-config="true" signature="openBrowser(java.lang.String)[pri:0, instance:com.teamgate.crm.lnsightsTest.VerifyInsightsTest@185a6e9]" started-at="2025-10-24T17:28:43 IST" name="openBrowser" finished-at="2025-10-24T17:28:46 IST" duration-ms="3187" status="PASS">
          <params>
            <param index="0">
              <value>
                <![CDATA[chrome]]>
              </value>
            </param>
          </params>
          <reporter-output>
            <line>
              <![CDATA[====Open Browser====]]>
            </line>
          </reporter-output>
        </test-method> <!-- openBrowser -->
        <test-method is-config="true" signature="loginToApplication()[pri:0, instance:com.teamgate.crm.lnsightsTest.VerifyInsightsTest@185a6e9]" started-at="2025-10-24T17:28:46 IST" name="loginToApplication" finished-at="2025-10-24T17:29:02 IST" duration-ms="15808" status="PASS">
          <reporter-output>
          </reporter-output>
        </test-method> <!-- loginToApplication -->
        <test-method signature="verifyInsightsTest()[pri:0, instance:com.teamgate.crm.lnsightsTest.VerifyInsightsTest@185a6e9]" started-at="2025-10-24T17:29:02 IST" name="verifyInsightsTest" finished-at="2025-10-24T17:29:07 IST" duration-ms="4937" status="PASS">
          <reporter-output>
            <line>
              <![CDATA[Verified Insights module]]>
            </line>
          </reporter-output>
        </test-method> <!-- verifyInsightsTest -->
        <test-method is-config="true" signature="logout()[pri:0, instance:com.teamgate.crm.lnsightsTest.VerifyInsightsTest@185a6e9]" started-at="2025-10-24T17:29:07 IST" name="logout" finished-at="2025-10-24T17:29:10 IST" duration-ms="3023" status="PASS">
          <reporter-output>
            <line>
              <![CDATA[====Logout of Application====]]>
            </line>
          </reporter-output>
        </test-method> <!-- logout -->
        <test-method is-config="true" signature="closeBrowser()[pri:0, instance:com.teamgate.crm.lnsightsTest.VerifyInsightsTest@185a6e9]" started-at="2025-10-24T17:29:10 IST" name="closeBrowser" finished-at="2025-10-24T17:29:11 IST" duration-ms="524" status="PASS">
          <reporter-output>
            <line>
              <![CDATA[====Close Browser====]]>
            </line>
          </reporter-output>
        </test-method> <!-- closeBrowser -->
      </class> <!-- com.teamgate.crm.lnsightsTest.VerifyInsightsTest -->
      <class name="com.teamgate.crm.leadTest.AddActivityToLeadTest">
        <test-method is-config="true" signature="openBrowser(java.lang.String)[pri:0, instance:com.teamgate.crm.leadTest.AddActivityToLeadTest@5bda8e08]" started-at="2025-10-24T17:26:58 IST" name="openBrowser" finished-at="2025-10-24T17:27:01 IST" duration-ms="2746" status="PASS">
          <params>
            <param index="0">
              <value>
                <![CDATA[chrome]]>
              </value>
            </param>
          </params>
          <reporter-output>
            <line>
              <![CDATA[====Open Browser====]]>
            </line>
          </reporter-output>
        </test-method> <!-- openBrowser -->
        <test-method is-config="true" signature="loginToApplication()[pri:0, instance:com.teamgate.crm.leadTest.AddActivityToLeadTest@5bda8e08]" started-at="2025-10-24T17:27:01 IST" name="loginToApplication" finished-at="2025-10-24T17:27:18 IST" duration-ms="17058" status="PASS">
          <reporter-output>
          </reporter-output>
        </test-method> <!-- loginToApplication -->
        <test-method signature="addActivityToLead()[pri:0, instance:com.teamgate.crm.leadTest.AddActivityToLeadTest@5bda8e08]" started-at="2025-10-24T17:27:18 IST" name="addActivityToLead" finished-at="2025-10-24T17:27:44 IST" duration-ms="26212" status="PASS">
          <reporter-output>
            <line>
              <![CDATA[Activity is verified in Activity feed successfully]]>
            </line>
          </reporter-output>
        </test-method> <!-- addActivityToLead -->
        <test-method is-config="true" signature="logout()[pri:0, instance:com.teamgate.crm.leadTest.AddActivityToLeadTest@5bda8e08]" started-at="2025-10-24T17:27:44 IST" name="logout" finished-at="2025-10-24T17:27:47 IST" duration-ms="2783" status="PASS">
          <reporter-output>
            <line>
              <![CDATA[====Logout of Application====]]>
            </line>
          </reporter-output>
        </test-method> <!-- logout -->
        <test-method is-config="true" signature="closeBrowser()[pri:0, instance:com.teamgate.crm.leadTest.AddActivityToLeadTest@5bda8e08]" started-at="2025-10-24T17:27:47 IST" name="closeBrowser" finished-at="2025-10-24T17:27:48 IST" duration-ms="630" status="PASS">
          <reporter-output>
            <line>
              <![CDATA[====Close Browser====]]>
            </line>
          </reporter-output>
        </test-method> <!-- closeBrowser -->
      </class> <!-- com.teamgate.crm.leadTest.AddActivityToLeadTest -->
    </test> <!-- Test -->
  </suite> <!-- Suite -->
</testng-results>
