<?xml version="1.0" encoding="UTF-8"?>
<!-- Generated by org.testng.reporters.JUnitXMLReporter -->
<testsuite ignored="0" hostname="DESKTOP-QOG50G5" failures="0" tests="3" name="Test" time="208.61" errors="0" timestamp="2025-10-24T15:57:19 IST">
  <testcase classname="com.teamgate.crm.companyTest.CreateDealViaCompanyTest" name="createDealViaCompanyTest" time="24.029"/>
  <testcase classname="com.teamgate.crm.peoplesTest.EditPersonDetailsTest" name="editPersonDetailsTest" time="15.014"/>
  <testcase classname="com.teamgate.crm.peoplesTest.LinkPersonToCompanyTest" name="linkPersonToCompanyTest" time="29.162"/>
</testsuite> <!-- Test -->
