<?xml version="1.0" encoding="UTF-8"?>
<!-- Generated by org.testng.reporters.JUnitXMLReporter -->
<testsuite ignored="0" hostname="DESKTOP-QOG50G5" failures="0" tests="3" name="Test3" time="2.956" errors="0" timestamp="2025-10-24T16:05:46 IST">
  <testcase classname="com.teamgate.crm.leadTest.AddActivityToLeadTest" name="addActivityToLead" time="0.0">
    <skipped/>
  </testcase> <!-- addActivityToLead -->
  <testcase classname="com.teamgate.crm.peoplesTest.LinkPersonToCompanyTest" name="linkPersonToCompanyTest" time="0.0">
    <skipped/>
  </testcase> <!-- linkPersonToCompanyTest -->
  <testcase classname="com.teamgate.crm.lnsightsTest.VerifyInsightsTest" name="verifyInsightsTest" time="0.0">
    <skipped/>
  </testcase> <!-- verifyInsightsTest -->
</testsuite> <!-- Test3 -->
